# JRE version: Java(TM) SE Runtime Environment (7.0_55-b13) (build 1.7.0_55-b13)
# Java VM: Java HotSpot(TM) 64-Bit Server VM (24.55-b03 mixed mode bsd-amd64 compressed oops)
Heap
 PSYoungGen      total 76800K, used 22116K [0x00000007aaa80000, 0x00000007b0000000, 0x0000000800000000)
  eden space 66048K, 17% used [0x00000007aaa80000,0x00000007ab59ee18,0x00000007aeb00000)
  from space 10752K, 99% used [0x00000007af580000,0x00000007afffa308,0x00000007b0000000)
  to   space 10752K, 0% used [0x00000007aeb00000,0x00000007aeb00000,0x00000007af580000)
 ParOldGen       total 174592K, used 5954K [0x0000000700000000, 0x000000070aa80000, 0x00000007aaa80000)
  object space 174592K, 3% used [0x0000000700000000,0x00000007005d09d8,0x000000070aa80000)
 PSPermGen       total 29696K, used 29360K [0x00000006fae00000, 0x00000006fcb00000, 0x0000000700000000)
  object space 29696K, 98% used [0x00000006fae00000,0x00000006fcaac198,0x00000006fcb00000)
GC Heap History (4 events):
Event: 1.881 GC heap before
{Heap before GC invocations=1 (full 0):
 PSYoungGen      total 76800K, used 66048K [0x00000007aaa80000, 0x00000007b0000000, 0x0000000800000000)
  eden space 66048K, 100% used [0x00000007aaa80000,0x00000007aeb00000,0x00000007aeb00000)
  from space 10752K, 0% used [0x00000007af580000,0x00000007af580000,0x00000007b0000000)
  to   space 10752K, 0% used [0x00000007aeb00000,0x00000007aeb00000,0x00000007af580000)
 ParOldGen       total 174592K, used 0K [0x0000000700000000, 0x000000070aa80000, 0x00000007aaa80000)
  object space 174592K, 0% used [0x0000000700000000,0x0000000700000000,0x000000070aa80000)
 PSPermGen       total 21504K, used 18807K [0x00000006fae00000, 0x00000006fc300000, 0x0000000700000000)
  object space 21504K, 87% used [0x00000006fae00000,0x00000006fc05de48,0x00000006fc300000)
Event: 1.894 GC heap after
Heap after GC invocations=1 (full 0):
 PSYoungGen      total 76800K, used 10751K [0x00000007aaa80000, 0x00000007b0000000, 0x0000000800000000)
  eden space 66048K, 0% used [0x00000007aaa80000,0x00000007aaa80000,0x00000007aeb00000)
  from space 10752K, 99% used [0x00000007aeb00000,0x00000007af57ff80,0x00000007af580000)
  to   space 10752K, 0% used [0x00000007af580000,0x00000007af580000,0x00000007b0000000)
 ParOldGen       total 174592K, used 2074K [0x0000000700000000, 0x000000070aa80000, 0x00000007aaa80000)
  object space 174592K, 1% used [0x0000000700000000,0x0000000700206a88,0x000000070aa80000)
 PSPermGen       total 21504K, used 18807K [0x00000006fae00000, 0x00000006fc300000, 0x0000000700000000)
  object space 21504K, 87% used [0x00000006fae00000,0x00000006fc05de48,0x00000006fc300000)
}
Event: 28.414 GC heap before
{Heap before GC invocations=2 (full 0):
 PSYoungGen      total 76800K, used 76799K [0x00000007aaa80000, 0x00000007b0000000, 0x0000000800000000)
  eden space 66048K, 100% used [0x00000007aaa80000,0x00000007aeb00000,0x00000007aeb00000)
  from space 10752K, 99% used [0x00000007aeb00000,0x00000007af57ff80,0x00000007af580000)
  to   space 10752K, 0% used [0x00000007af580000,0x00000007af580000,0x00000007b0000000)
 ParOldGen       total 174592K, used 2074K [0x0000000700000000, 0x000000070aa80000, 0x00000007aaa80000)
  object space 174592K, 1% used [0x0000000700000000,0x0000000700206a88,0x000000070aa80000)
 PSPermGen       total 28672K, used 28388K [0x00000006fae00000, 0x00000006fca00000, 0x0000000700000000)
  object space 28672K, 99% used [0x00000006fae00000,0x00000006fc9b9388,0x00000006fca00000)
Event: 28.432 GC heap after
Heap after GC invocations=2 (full 0):
 PSYoungGen      total 76800K, used 10728K [0x00000007aaa80000, 0x00000007b0000000, 0x0000000800000000)
  eden space 66048K, 0% used [0x00000007aaa80000,0x00000007aaa80000,0x00000007aeb00000)
  from space 10752K, 99% used [0x00000007af580000,0x00000007afffa308,0x00000007b0000000)
  to   space 10752K, 0% used [0x00000007aeb00000,0x00000007aeb00000,0x00000007af580000)
 ParOldGen       total 174592K, used 5954K [0x0000000700000000, 0x000000070aa80000, 0x00000007aaa80000)
  object space 174592K, 3% used [0x0000000700000000,0x00000007005d09d8,0x000000070aa80000)
 PSPermGen       total 28672K, used 28388K [0x00000006fae00000, 0x00000006fca00000, 0x0000000700000000)
  object space 28672K, 99% used [0x00000006fae00000,0x00000006fc9b9388,0x00000006fca00000)
}

